<?xml version="1.0" encoding="UTF-8"?>
<testng-results ignored="0" total="2" passed="2" failed="0" skipped="0">
  <reporter-output>
  </reporter-output>
  <suite started-at="2023-09-06T15:16:35 IST" name="Default suite" finished-at="2023-09-06T15:16:45 IST" duration-ms="10335">
    <groups>
    </groups>
    <test started-at="2023-09-06T15:16:35 IST" name="Default test" finished-at="2023-09-06T15:16:45 IST" duration-ms="10335">
      <class name="com.Equarz.Testcases.RegTest">
        <test-method is-config="true" signature="initialization()[pri:0, instance:com.Equarz.Testcases.RegTest@71d44a3]" started-at="2023-09-06T15:16:35 IST" name="initialization" finished-at="2023-09-06T15:16:39 IST" duration-ms="4449" status="PASS">
          <reporter-output>
          </reporter-output>
        </test-method> <!-- initialization -->
        <test-method signature="Givenurl()[pri:1, instance:com.Equarz.Testcases.RegTest@71d44a3]" started-at="2023-09-06T15:16:39 IST" name="Givenurl" finished-at="2023-09-06T15:16:39 IST" duration-ms="16" status="PASS">
          <reporter-output>
          </reporter-output>
        </test-method> <!-- Givenurl -->
        <test-method is-config="true" signature="initialization()[pri:0, instance:com.Equarz.Testcases.RegTest@71d44a3]" started-at="2023-09-06T15:16:40 IST" name="initialization" finished-at="2023-09-06T15:16:44 IST" duration-ms="3987" status="PASS">
          <reporter-output>
          </reporter-output>
        </test-method> <!-- initialization -->
        <test-method signature="Registration(java.lang.String,java.lang.String,java.lang.String,java.lang.String,java.lang.String,java.lang.String)[pri:2, instance:com.Equarz.Testcases.RegTest@71d44a3]" started-at="2023-09-06T15:16:44 IST" name="Registration" data-provider="setdata" finished-at="2023-09-06T15:16:45 IST" duration-ms="1426" status="PASS">
          <params>
            <param index="0">
              <value>
                <![CDATA[chakri]]>
              </value>
            </param>
            <param index="1">
              <value>
                <![CDATA[vineesh]]>
              </value>
            </param>
            <param index="2">
              <value>
                <![CDATA[chakrivineesh.marolix@gmail.com]]>
              </value>
            </param>
            <param index="3">
              <value>
                <![CDATA[9515990525]]>
              </value>
            </param>
            <param index="4">
              <value>
                <![CDATA[Chakri@123]]>
              </value>
            </param>
            <param index="5">
              <value>
                <![CDATA[Chakri@123]]>
              </value>
            </param>
          </params>
          <reporter-output>
          </reporter-output>
        </test-method> <!-- Registration -->
      </class> <!-- com.Equarz.Testcases.RegTest -->
    </test> <!-- Default test -->
  </suite> <!-- Default suite -->
</testng-results>
