<?xml version="1.0" encoding="UTF-8"?>
<!-- Generated by org.testng.reporters.JUnitXMLReporter -->
<testsuite ignored="6" hostname="MSI" failures="0" tests="1" name="Default test" time="36.537" errors="0" timestamp="2023-09-22T11:33:13 IST">
  <testcase classname="com.Equarz.Testcases.Wishlisttest" name="removeWishlist" time="11.154"/>
  <testcase classname="com.Equarz.Testcases.Wishlisttest" name="Searchbox_towishlist" time="0.0">
    <ignored/>
  </testcase> <!-- Searchbox_towishlist -->
  <testcase classname="com.Equarz.Testcases.Wishlisttest" name="Categorytest" time="0.0">
    <ignored/>
  </testcase> <!-- Categorytest -->
  <testcase classname="com.Equarz.Testcases.Wishlisttest" name="Product_dealofday" time="0.0">
    <ignored/>
  </testcase> <!-- Product_dealofday -->
  <testcase classname="com.Equarz.Testcases.Wishlisttest" name="Hompageproduct" time="0.0">
    <ignored/>
  </testcase> <!-- Hompageproduct -->
  <testcase classname="com.Equarz.Testcases.Wishlisttest" name="footerbanner" time="0.0">
    <ignored/>
  </testcase> <!-- footerbanner -->
  <testcase classname="com.Equarz.Testcases.Wishlisttest" name="Bannertest" time="0.0">
    <ignored/>
  </testcase> <!-- Bannertest -->
</testsuite> <!-- Default test -->
